Using pre-set license
Built from '2020.3/release' branch; Version is '2020.3.34f1 (9a4c9c70452b) revision 10112156'; Using compiler version '192528614'; Build Type 'Release'
OS: 'Windows 11  (10.0.22000) 64bit Core' Language: 'ru' Physical Memory: 16304 MB
BatchMode: 1, IsHumanControllingUs: 0, StartBugReporterOnCrash: 0, Is64bit: 1, IsPro: 0

COMMAND LINE ARGUMENTS:
C:\Program Files\Unity\Hub\Editor\2020.3.34f1\Editor\Unity.exe
-adb2
-batchMode
-noUpm
-name
AssetImportWorker0
-projectPath
C:/Users/artur/Documents/GitHub/bebra3.2/bebra1
-logFile
Logs/AssetImportWorker0.log
-srvPort
50806
Successfully changed project path to: C:/Users/artur/Documents/GitHub/bebra3.2/bebra1
C:/Users/artur/Documents/GitHub/bebra3.2/bebra1
Using Asset Import Pipeline V2.
Refreshing native plugins compatible for Editor in 74.14 ms, found 3 plugins.
Preloading 0 native plugins for Editor in 0.00 ms.
Initialize engine version: 2020.3.34f1 (9a4c9c70452b)
[Subsystems] Discovering subsystems at path C:/Program Files/Unity/Hub/Editor/2020.3.34f1/Editor/Data/Resources/UnitySubsystems
[Subsystems] Discovering subsystems at path C:/Users/artur/Documents/GitHub/bebra3.2/bebra1/Assets
GfxDevice: creating device client; threaded=0
Direct3D:
    Version:  Direct3D 11.0 [level 11.1]
    Renderer: NVIDIA GeForce GTX 1650 (ID=0x1f91)
    Vendor:   
    VRAM:     3962 MB
    Driver:   27.21.14.5749
Initialize mono
Mono path[0] = 'C:/Program Files/Unity/Hub/Editor/2020.3.34f1/Editor/Data/Managed'
Mono path[1] = 'C:/Program Files/Unity/Hub/Editor/2020.3.34f1/Editor/Data/MonoBleedingEdge/lib/mono/unityjit'
Mono config path = 'C:/Program Files/Unity/Hub/Editor/2020.3.34f1/Editor/Data/MonoBleedingEdge/etc'
Using monoOptions --debugger-agent=transport=dt_socket,embedding=1,server=y,suspend=n,address=127.0.0.1:56768
Begin MonoManager ReloadAssembly
Registering precompiled unity dll's ...
Register platform support module: C:/Program Files/Unity/Hub/Editor/2020.3.34f1/Editor/Data/PlaybackEngines/WebGLSupport/UnityEditor.WebGL.Extensions.dll
Register platform support module: C:/Program Files/Unity/Hub/Editor/2020.3.34f1/Editor/Data/PlaybackEngines/MacStandaloneSupport/UnityEditor.OSXStandalone.Extensions.dll
Register platform support module: C:/Program Files/Unity/Hub/Editor/2020.3.34f1/Editor/Data/PlaybackEngines/WindowsStandaloneSupport/UnityEditor.WindowsStandalone.Extensions.dll
Register platform support module: C:/Program Files/Unity/Hub/Editor/2020.3.34f1/Editor/Data/PlaybackEngines/LinuxStandaloneSupport/UnityEditor.LinuxStandalone.Extensions.dll
Register platform support module: C:/Program Files/Unity/Hub/Editor/2020.3.34f1/Editor/Data/PlaybackEngines/LuminSupport/UnityEditor.Lumin.Extensions.dll
Registered in 0.004199 seconds.
Native extension for Lumin target not found
Native extension for LinuxStandalone target not found
Native extension for WindowsStandalone target not found
Native extension for OSXStandalone target not found
Native extension for WebGL target not found
Refreshing native plugins compatible for Editor in 64.23 ms, found 3 plugins.
Preloading 0 native plugins for Editor in 0.00 ms.
Mono: successfully reloaded assembly
- Completed reload, in  0.686 seconds
Domain Reload Profiling:
	ReloadAssembly (686ms)
		BeginReloadAssembly (72ms)
			ExecutionOrderSort (0ms)
			DisableScriptedObjects (0ms)
			BackupInstance (0ms)
			ReleaseScriptingObjects (0ms)
			CreateAndSetChildDomain (1ms)
		EndReloadAssembly (525ms)
			LoadAssemblies (71ms)
			RebuildTransferFunctionScriptingTraits (0ms)
			SetupTypeCache (169ms)
			ReleaseScriptCaches (0ms)
			RebuildScriptCaches (32ms)
			SetupLoadedEditorAssemblies (204ms)
				LogAssemblyErrors (0ms)
				InitializePlatformSupportModulesInManaged (8ms)
				SetLoadedEditorAssemblies (0ms)
				RefreshPlugins (64ms)
				BeforeProcessingInitializeOnLoad (10ms)
				ProcessInitializeOnLoadAttributes (90ms)
				ProcessInitializeOnLoadMethodAttributes (31ms)
				AfterProcessingInitializeOnLoad (0ms)
				EditorAssembliesLoaded (0ms)
			ExecutionOrderSort2 (0ms)
			AwakeInstancesAfterBackupRestoration (0ms)
Platform modules already initialized, skipping
Registering precompiled user dll's ...
Registered in 0.003586 seconds.
Begin MonoManager ReloadAssembly
Native extension for Lumin target not found
Native extension for LinuxStandalone target not found
Native extension for WindowsStandalone target not found
Native extension for OSXStandalone target not found
Native extension for WebGL target not found
Refreshing native plugins compatible for Editor in 62.83 ms, found 3 plugins.
Preloading 0 native plugins for Editor in 0.00 ms.
Mono: successfully reloaded assembly
- Completed reload, in  1.311 seconds
Domain Reload Profiling:
	ReloadAssembly (1312ms)
		BeginReloadAssembly (178ms)
			ExecutionOrderSort (0ms)
			DisableScriptedObjects (5ms)
			BackupInstance (0ms)
			ReleaseScriptingObjects (0ms)
			CreateAndSetChildDomain (22ms)
		EndReloadAssembly (1060ms)
			LoadAssemblies (128ms)
			RebuildTransferFunctionScriptingTraits (0ms)
			SetupTypeCache (356ms)
			ReleaseScriptCaches (0ms)
			RebuildScriptCaches (58ms)
			SetupLoadedEditorAssemblies (396ms)
				LogAssemblyErrors (0ms)
				InitializePlatformSupportModulesInManaged (7ms)
				SetLoadedEditorAssemblies (0ms)
				RefreshPlugins (63ms)
				BeforeProcessingInitializeOnLoad (78ms)
				ProcessInitializeOnLoadAttributes (219ms)
				ProcessInitializeOnLoadMethodAttributes (22ms)
				AfterProcessingInitializeOnLoad (7ms)
				EditorAssembliesLoaded (0ms)
			ExecutionOrderSort2 (0ms)
			AwakeInstancesAfterBackupRestoration (3ms)
Platform modules already initialized, skipping
========================================================================
Worker process is ready to serve import requests
Launched and connected shader compiler UnityShaderCompiler.exe after 0.17 seconds
Refreshing native plugins compatible for Editor in 0.76 ms, found 3 plugins.
Preloading 0 native plugins for Editor in 0.00 ms.
Unloading 2212 Unused Serialized files (Serialized files now loaded: 0)
System memory in use before: 97.5 MB.
System memory in use after: 97.4 MB.

Unloading 31 unused Assets to reduce memory usage. Loaded Objects now: 2643.
Total: 4.247200 ms (FindLiveObjects: 0.409000 ms CreateObjectMapping: 0.231800 ms MarkObjects: 3.446400 ms  DeleteObjects: 0.158900 ms)

AssetImportParameters requested are different than current active one (requested -> active):
  custom:framework-win-MediaFoundation: 216162199b28c13a410421893ffa2e32 -> 
  custom:video-decoder-ogg-theora: a1e56fd34408186e4bbccfd4996cb3dc -> 
  custom:container-muxer-webm: aa71ff27fc2769a1b78a27578f13a17b -> 
  custom:container-demuxer-webm: 4f35f7cbe854078d1ac9338744f61a02 -> 
  custom:container-demuxer-ogg: 62fdf1f143b41e24485cea50d1cbac27 -> 
  custom:video-encoder-webm-vp8: eb34c28f22e8b96e1ab97ce403110664 -> 
  custom:video-codec-MediaFoundation-h265: 746d11721c4dcdbdad8f713fa42b33f4 -> 
  custom:video-decoder-webm-vp8: 9c59270c3fd7afecdb556c50c9e8de78 -> 
  custom:audio-decoder-ogg-vorbis: bf7c407c2cedff20999df2af8eb42d56 -> 
  custom:audio-encoder-webm-vorbis: bf7c407c2cedff20999df2af8eb42d56 -> 
========================================================================
Received Import Request.
  path: Assets/Tiny RPG Forest/TX Tileset Grass Pavement 3.asset
  artifactKey: Guid(f81fd6bb979863c4fb68c70aee9f77ac) Importer(815301076,1909f56bfc062723c751e8b465ee728b)
Start importing Assets/Tiny RPG Forest/TX Tileset Grass Pavement 3.asset using Guid(f81fd6bb979863c4fb68c70aee9f77ac) Importer(815301076,1909f56bfc062723c751e8b465ee728b)  -> (artifact id: '879e2d1bf03ac0623f5939edba7f45ef') in 0.094547 seconds 
========================================================================
Received Import Request.
  Time since last request: 0.000283 seconds.
  path: Assets/Tiny RPG Forest/TX Tileset Grass Flower 13.asset
  artifactKey: Guid(b1537cb59ba0f6d40a042de4ae7efb8e) Importer(815301076,1909f56bfc062723c751e8b465ee728b)
Start importing Assets/Tiny RPG Forest/TX Tileset Grass Flower 13.asset using Guid(b1537cb59ba0f6d40a042de4ae7efb8e) Importer(815301076,1909f56bfc062723c751e8b465ee728b)  -> (artifact id: '447e4ba4790ef70f392a5beaf5597c46') in 0.026583 seconds 
========================================================================
Received Import Request.
  Time since last request: 0.000251 seconds.
  path: Assets/Tiny RPG Forest/TX Tileset Grass 7.asset
  artifactKey: Guid(730edbbae4eba4a40a4730dff31a9450) Importer(815301076,1909f56bfc062723c751e8b465ee728b)
Start importing Assets/Tiny RPG Forest/TX Tileset Grass 7.asset using Guid(730edbbae4eba4a40a4730dff31a9450) Importer(815301076,1909f56bfc062723c751e8b465ee728b)  -> (artifact id: '7ff1c7b65430f079324decfc77e37f2b') in 0.017095 seconds 
========================================================================
Received Import Request.
  Time since last request: 0.000272 seconds.
  path: Assets/Tiny RPG Forest/TX Tileset Grass 15.asset
  artifactKey: Guid(e9476e15220a42f45af4c24f8a8e59f0) Importer(815301076,1909f56bfc062723c751e8b465ee728b)
Start importing Assets/Tiny RPG Forest/TX Tileset Grass 15.asset using Guid(e9476e15220a42f45af4c24f8a8e59f0) Importer(815301076,1909f56bfc062723c751e8b465ee728b)  -> (artifact id: '38af6a08dfdd1ff6e9d67b9d719e9dc6') in 0.016518 seconds 
========================================================================
Received Import Request.
  Time since last request: 0.000256 seconds.
  path: Assets/Tiny RPG Forest/TX Tileset Grass Pavement 4.asset
  artifactKey: Guid(33ac4fb0956426645a144b2293309f43) Importer(815301076,1909f56bfc062723c751e8b465ee728b)
Start importing Assets/Tiny RPG Forest/TX Tileset Grass Pavement 4.asset using Guid(33ac4fb0956426645a144b2293309f43) Importer(815301076,1909f56bfc062723c751e8b465ee728b)  -> (artifact id: 'ab4a74ba208a8c50fd2d390965955c82') in 0.013287 seconds 
========================================================================
Received Import Request.
  Time since last request: 0.000251 seconds.
  path: Assets/Tiny RPG Forest/TX Tileset Grass Flower 0.asset
  artifactKey: Guid(c05466c6809543541bddca804b1c7032) Importer(815301076,1909f56bfc062723c751e8b465ee728b)
Start importing Assets/Tiny RPG Forest/TX Tileset Grass Flower 0.asset using Guid(c05466c6809543541bddca804b1c7032) Importer(815301076,1909f56bfc062723c751e8b465ee728b)  -> (artifact id: 'd0dc4536cb506251ebfe811a274fa72b') in 0.015891 seconds 
========================================================================
Received Import Request.
  Time since last request: 0.000246 seconds.
  path: Assets/Tiny RPG Forest/TX Tileset Grass Pavement 6.asset
  artifactKey: Guid(3c677c9d2363e04478d499e5b34412db) Importer(815301076,1909f56bfc062723c751e8b465ee728b)
Start importing Assets/Tiny RPG Forest/TX Tileset Grass Pavement 6.asset using Guid(3c677c9d2363e04478d499e5b34412db) Importer(815301076,1909f56bfc062723c751e8b465ee728b)  -> (artifact id: '694700383ecd13d0794499b4cc8fbe42') in 0.018767 seconds 
========================================================================
Received Import Request.
  Time since last request: 0.000207 seconds.
  path: Assets/Tiny RPG Forest/TX Tileset Grass 6.asset
  artifactKey: Guid(4c73f9ff85c705f4d845f23d2e1e52c4) Importer(815301076,1909f56bfc062723c751e8b465ee728b)
Start importing Assets/Tiny RPG Forest/TX Tileset Grass 6.asset using Guid(4c73f9ff85c705f4d845f23d2e1e52c4) Importer(815301076,1909f56bfc062723c751e8b465ee728b)  -> (artifact id: '2c5470365e00bbaccf15ae48967a2373') in 0.015701 seconds 
========================================================================
Received Import Request.
  Time since last request: 0.000191 seconds.
  path: Assets/Tiny RPG Forest/TX Tileset Grass 5.asset
  artifactKey: Guid(50d03a319d913184ca05b05ea532c862) Importer(815301076,1909f56bfc062723c751e8b465ee728b)
Start importing Assets/Tiny RPG Forest/TX Tileset Grass 5.asset using Guid(50d03a319d913184ca05b05ea532c862) Importer(815301076,1909f56bfc062723c751e8b465ee728b)  -> (artifact id: 'b439982075381dcbcd8748cfff4afb1f') in 0.019292 seconds 
========================================================================
Received Import Request.
  Time since last request: 0.000257 seconds.
  path: Assets/Tiny RPG Forest/TX Tileset Grass 12.asset
  artifactKey: Guid(ca0162ba375efae41ac006d614ca60c0) Importer(815301076,1909f56bfc062723c751e8b465ee728b)
Start importing Assets/Tiny RPG Forest/TX Tileset Grass 12.asset using Guid(ca0162ba375efae41ac006d614ca60c0) Importer(815301076,1909f56bfc062723c751e8b465ee728b)  -> (artifact id: '177a11c1786c75750c7a105358764e2a') in 0.018109 seconds 
========================================================================
Received Import Request.
  Time since last request: 0.000356 seconds.
  path: Assets/Tiny RPG Forest/TX Tileset Grass 4.asset
  artifactKey: Guid(5e0ae2cf497fb7549948a7d8b9e4dbd5) Importer(815301076,1909f56bfc062723c751e8b465ee728b)
Start importing Assets/Tiny RPG Forest/TX Tileset Grass 4.asset using Guid(5e0ae2cf497fb7549948a7d8b9e4dbd5) Importer(815301076,1909f56bfc062723c751e8b465ee728b)  -> (artifact id: '65178e7cfa597cdd760fc723707558bb') in 0.023198 seconds 
========================================================================
Received Import Request.
  Time since last request: 0.000179 seconds.
  path: Assets/Tiny RPG Forest/TX Tileset Grass 14.asset
  artifactKey: Guid(a4edfc2c63e9faa4b92974c94b557b57) Importer(815301076,1909f56bfc062723c751e8b465ee728b)
Start importing Assets/Tiny RPG Forest/TX Tileset Grass 14.asset using Guid(a4edfc2c63e9faa4b92974c94b557b57) Importer(815301076,1909f56bfc062723c751e8b465ee728b)  -> (artifact id: '2ec9cfaea7c476fbc163e93f038d9e4c') in 0.016556 seconds 
========================================================================
Received Import Request.
  Time since last request: 0.000290 seconds.
  path: Assets/Tiny RPG Forest/TX Tileset Grass Flower 11.asset
  artifactKey: Guid(11416510bc76bb54d8324dd364a4d585) Importer(815301076,1909f56bfc062723c751e8b465ee728b)
Start importing Assets/Tiny RPG Forest/TX Tileset Grass Flower 11.asset using Guid(11416510bc76bb54d8324dd364a4d585) Importer(815301076,1909f56bfc062723c751e8b465ee728b)  -> (artifact id: 'b1d52ed147526e5ba87c958621dea2fb') in 0.017426 seconds 
========================================================================
Received Import Request.
  Time since last request: 0.000177 seconds.
  path: Assets/Tiny RPG Forest/TX Tileset Grass 3.asset
  artifactKey: Guid(0c19c4d119fede042994e908e65244da) Importer(815301076,1909f56bfc062723c751e8b465ee728b)
Start importing Assets/Tiny RPG Forest/TX Tileset Grass 3.asset using Guid(0c19c4d119fede042994e908e65244da) Importer(815301076,1909f56bfc062723c751e8b465ee728b)  -> (artifact id: '6a91424c97410272f53906e2f78b3f00') in 0.018666 seconds 
========================================================================
Received Import Request.
  Time since last request: 0.000221 seconds.
  path: Assets/Tiny RPG Forest/TX Tileset Grass 11.asset
  artifactKey: Guid(b3714f3a5ccc38e4889172900e95a90a) Importer(815301076,1909f56bfc062723c751e8b465ee728b)
Start importing Assets/Tiny RPG Forest/TX Tileset Grass 11.asset using Guid(b3714f3a5ccc38e4889172900e95a90a) Importer(815301076,1909f56bfc062723c751e8b465ee728b)  -> (artifact id: 'c13d300fb2a95566000483c3791b6786') in 0.015146 seconds 
========================================================================
Received Import Request.
  Time since last request: 0.000228 seconds.
  path: Assets/Tiny RPG Forest/TX Tileset Grass Flower 5.asset
  artifactKey: Guid(93f08c7c104704647b1318a31dbbac9b) Importer(815301076,1909f56bfc062723c751e8b465ee728b)
Start importing Assets/Tiny RPG Forest/TX Tileset Grass Flower 5.asset using Guid(93f08c7c104704647b1318a31dbbac9b) Importer(815301076,1909f56bfc062723c751e8b465ee728b)  -> (artifact id: '458288cb4140db9ded8798976a640dc1') in 0.021012 seconds 
========================================================================
Received Import Request.
  Time since last request: 0.000198 seconds.
  path: Assets/Tiny RPG Forest/TX Tileset Grass Flower 4.asset
  artifactKey: Guid(07f85f7aca995f749bc4ea565e260ac5) Importer(815301076,1909f56bfc062723c751e8b465ee728b)
Start importing Assets/Tiny RPG Forest/TX Tileset Grass Flower 4.asset using Guid(07f85f7aca995f749bc4ea565e260ac5) Importer(815301076,1909f56bfc062723c751e8b465ee728b)  -> (artifact id: 'e8ea2b67147bdd250e8b1318916ad225') in 0.014757 seconds 
========================================================================
Received Import Request.
  Time since last request: 0.000946 seconds.
  path: Assets/Tiny RPG Forest/TX Tileset Grass Flower 9.asset
  artifactKey: Guid(3d39fd3740b2cbe40b21814461c0aee3) Importer(815301076,1909f56bfc062723c751e8b465ee728b)
Start importing Assets/Tiny RPG Forest/TX Tileset Grass Flower 9.asset using Guid(3d39fd3740b2cbe40b21814461c0aee3) Importer(815301076,1909f56bfc062723c751e8b465ee728b)  -> (artifact id: '03a0c1d42b670b4713f661044f07bb12') in 0.014834 seconds 
========================================================================
Received Import Request.
  Time since last request: 0.000211 seconds.
  path: Assets/Tiny RPG Forest/TX Tileset Grass 0.asset
  artifactKey: Guid(d5e2600fe2b01154b90aa8c39b871476) Importer(815301076,1909f56bfc062723c751e8b465ee728b)
Start importing Assets/Tiny RPG Forest/TX Tileset Grass 0.asset using Guid(d5e2600fe2b01154b90aa8c39b871476) Importer(815301076,1909f56bfc062723c751e8b465ee728b)  -> (artifact id: 'b499e654d53b64d46b408910830ba4d3') in 0.014227 seconds 
========================================================================
Received Import Request.
  Time since last request: 0.000363 seconds.
  path: Assets/Tiny RPG Forest/TX Tileset Grass 2.asset
  artifactKey: Guid(337af0dbfd5e9c54c8c4216e3194f424) Importer(815301076,1909f56bfc062723c751e8b465ee728b)
Start importing Assets/Tiny RPG Forest/TX Tileset Grass 2.asset using Guid(337af0dbfd5e9c54c8c4216e3194f424) Importer(815301076,1909f56bfc062723c751e8b465ee728b)  -> (artifact id: '8d2829e713a36de751efc2da3b198588') in 0.021520 seconds 
========================================================================
Received Import Request.
  Time since last request: 0.000195 seconds.
  path: Assets/Tiny RPG Forest/TX Tileset Grass Flower 14.asset
  artifactKey: Guid(32c5c8baf97e4fc4a939d60ad9ea8507) Importer(815301076,1909f56bfc062723c751e8b465ee728b)
Start importing Assets/Tiny RPG Forest/TX Tileset Grass Flower 14.asset using Guid(32c5c8baf97e4fc4a939d60ad9ea8507) Importer(815301076,1909f56bfc062723c751e8b465ee728b)  -> (artifact id: '6c38e63c7e419eb2053787f1f16ce030') in 0.017417 seconds 
========================================================================
Received Import Request.
  Time since last request: 0.000234 seconds.
  path: Assets/Tiny RPG Forest/TX Tileset Grass 13.asset
  artifactKey: Guid(e3ea18617e9cf5a41831adbda28a1aa8) Importer(815301076,1909f56bfc062723c751e8b465ee728b)
Start importing Assets/Tiny RPG Forest/TX Tileset Grass 13.asset using Guid(e3ea18617e9cf5a41831adbda28a1aa8) Importer(815301076,1909f56bfc062723c751e8b465ee728b)  -> (artifact id: 'f7ed5627722a9560bf2c6bcbfd97afd1') in 0.029254 seconds 
========================================================================
Received Import Request.
  Time since last request: 0.000206 seconds.
  path: Assets/Tiny RPG Forest/TX Tileset Grass Flower 2.asset
  artifactKey: Guid(54dbbb3cdd2335b468fddc17c272ed26) Importer(815301076,1909f56bfc062723c751e8b465ee728b)
Start importing Assets/Tiny RPG Forest/TX Tileset Grass Flower 2.asset using Guid(54dbbb3cdd2335b468fddc17c272ed26) Importer(815301076,1909f56bfc062723c751e8b465ee728b)  -> (artifact id: '9debed2181a8a6015264886c6740ab34') in 0.019613 seconds 
========================================================================
Received Import Request.
  Time since last request: 0.000236 seconds.
  path: Assets/Tiny RPG Forest/TX Tileset Grass Flower 8.asset
  artifactKey: Guid(d2e3d93bdc9cbb1468e4a80faae55cf6) Importer(815301076,1909f56bfc062723c751e8b465ee728b)
Start importing Assets/Tiny RPG Forest/TX Tileset Grass Flower 8.asset using Guid(d2e3d93bdc9cbb1468e4a80faae55cf6) Importer(815301076,1909f56bfc062723c751e8b465ee728b)  -> (artifact id: '0d95ec1fc2e0577446a5e3d051da4708') in 0.015380 seconds 
========================================================================
Received Import Request.
  Time since last request: 0.000188 seconds.
  path: Assets/Tiny RPG Forest/TX Tileset Grass 9.asset
  artifactKey: Guid(de09190344e91f9448fa967945bf3129) Importer(815301076,1909f56bfc062723c751e8b465ee728b)
Start importing Assets/Tiny RPG Forest/TX Tileset Grass 9.asset using Guid(de09190344e91f9448fa967945bf3129) Importer(815301076,1909f56bfc062723c751e8b465ee728b)  -> (artifact id: '329f8d44671a56c3b1d4a49d98d49c51') in 0.023020 seconds 
========================================================================
Received Import Request.
  Time since last request: 0.000258 seconds.
  path: Assets/Tiny RPG Forest/TX Tileset Grass Flower 3.asset
  artifactKey: Guid(4a091ae9edca3f8409724cf7a0e70a19) Importer(815301076,1909f56bfc062723c751e8b465ee728b)
Start importing Assets/Tiny RPG Forest/TX Tileset Grass Flower 3.asset using Guid(4a091ae9edca3f8409724cf7a0e70a19) Importer(815301076,1909f56bfc062723c751e8b465ee728b)  -> (artifact id: '40981b85511b7419a8212a7bd44073ba') in 0.019007 seconds 
========================================================================
Received Import Request.
  Time since last request: 0.000237 seconds.
  path: Assets/Tiny RPG Forest/TX Tileset Grass Flower 7.asset
  artifactKey: Guid(de38847d85a836041baa67e8a0dbe9a9) Importer(815301076,1909f56bfc062723c751e8b465ee728b)
Start importing Assets/Tiny RPG Forest/TX Tileset Grass Flower 7.asset using Guid(de38847d85a836041baa67e8a0dbe9a9) Importer(815301076,1909f56bfc062723c751e8b465ee728b)  -> (artifact id: 'aab07fd1a1f8e98c38cadafe9051e54b') in 0.016436 seconds 
========================================================================
Received Import Request.
  Time since last request: 0.000304 seconds.
  path: Assets/Tiny RPG Forest/TX Tileset Grass Flower 15.asset
  artifactKey: Guid(cbb0ef31cd1767248ab8612e9a0e9318) Importer(815301076,1909f56bfc062723c751e8b465ee728b)
Start importing Assets/Tiny RPG Forest/TX Tileset Grass Flower 15.asset using Guid(cbb0ef31cd1767248ab8612e9a0e9318) Importer(815301076,1909f56bfc062723c751e8b465ee728b)  -> (artifact id: 'b3c59a4403cfeab3ada43e9fd2fac392') in 0.021286 seconds 
========================================================================
Received Import Request.
  Time since last request: 0.000352 seconds.
  path: Assets/Tiny RPG Forest/TX Tileset Grass 8.asset
  artifactKey: Guid(75f5d2bcc38d14e4aa2709af35f1606b) Importer(815301076,1909f56bfc062723c751e8b465ee728b)
Start importing Assets/Tiny RPG Forest/TX Tileset Grass 8.asset using Guid(75f5d2bcc38d14e4aa2709af35f1606b) Importer(815301076,1909f56bfc062723c751e8b465ee728b)  -> (artifact id: '87d8580a6a48a556955d729788358721') in 0.017594 seconds 
========================================================================
Received Import Request.
  Time since last request: 0.000244 seconds.
  path: Assets/Tiny RPG Forest/TX Tileset Grass Flower 12.asset
  artifactKey: Guid(d690081997aa63d4d93d4681ed34fb81) Importer(815301076,1909f56bfc062723c751e8b465ee728b)
Start importing Assets/Tiny RPG Forest/TX Tileset Grass Flower 12.asset using Guid(d690081997aa63d4d93d4681ed34fb81) Importer(815301076,1909f56bfc062723c751e8b465ee728b)  -> (artifact id: 'b306ebb56d61dc4503a0e6baa3164b69') in 0.017390 seconds 
========================================================================
Received Import Request.
  Time since last request: 0.000160 seconds.
  path: Assets/Tiny RPG Forest/TX Tileset Grass 1.asset
  artifactKey: Guid(0fa5544ba7aeb3c41a72b377e52ad92b) Importer(815301076,1909f56bfc062723c751e8b465ee728b)
Start importing Assets/Tiny RPG Forest/TX Tileset Grass 1.asset using Guid(0fa5544ba7aeb3c41a72b377e52ad92b) Importer(815301076,1909f56bfc062723c751e8b465ee728b)  -> (artifact id: 'fe09413461cd32629cd0fd717d21cbd1') in 0.017925 seconds 
========================================================================
Received Import Request.
  Time since last request: 0.000582 seconds.
  path: Assets/Tiny RPG Forest/TX Tileset Grass 10.asset
  artifactKey: Guid(d3773da90169fab46bff3611baf2bce8) Importer(815301076,1909f56bfc062723c751e8b465ee728b)
Start importing Assets/Tiny RPG Forest/TX Tileset Grass 10.asset using Guid(d3773da90169fab46bff3611baf2bce8) Importer(815301076,1909f56bfc062723c751e8b465ee728b)  -> (artifact id: 'ab4a7197dee3c8f7046a96de03417c5c') in 0.022780 seconds 
========================================================================
Received Import Request.
  Time since last request: 0.000537 seconds.
  path: Assets/Tiny RPG Forest/TX Tileset Grass Flower 1.asset
  artifactKey: Guid(8d0c4567a5f78d64391221d64832f77d) Importer(815301076,1909f56bfc062723c751e8b465ee728b)
Start importing Assets/Tiny RPG Forest/TX Tileset Grass Flower 1.asset using Guid(8d0c4567a5f78d64391221d64832f77d) Importer(815301076,1909f56bfc062723c751e8b465ee728b)  -> (artifact id: '509cb7f70de0a8e845cbb3382e3ff69d') in 0.014104 seconds 
========================================================================
Received Import Request.
  Time since last request: 0.000247 seconds.
  path: Assets/Tiny RPG Forest/TX Tileset Grass Flower 6.asset
  artifactKey: Guid(ac82e594f8c46194ca0e83fa45ad9064) Importer(815301076,1909f56bfc062723c751e8b465ee728b)
Start importing Assets/Tiny RPG Forest/TX Tileset Grass Flower 6.asset using Guid(ac82e594f8c46194ca0e83fa45ad9064) Importer(815301076,1909f56bfc062723c751e8b465ee728b)  -> (artifact id: 'd6baaa9ecf2c9a616115d4393457a5ea') in 0.016441 seconds 
========================================================================
Received Import Request.
  Time since last request: 0.000186 seconds.
  path: Assets/Tiny RPG Forest/TX Tileset Grass Pavement 2.asset
  artifactKey: Guid(ace050e95b10c3e42b6abf8d3bb67c8f) Importer(815301076,1909f56bfc062723c751e8b465ee728b)
Start importing Assets/Tiny RPG Forest/TX Tileset Grass Pavement 2.asset using Guid(ace050e95b10c3e42b6abf8d3bb67c8f) Importer(815301076,1909f56bfc062723c751e8b465ee728b)  -> (artifact id: 'c234d737c79727c2c102980d0cbd9a2c') in 0.018301 seconds 
========================================================================
Received Import Request.
  Time since last request: 0.000177 seconds.
  path: Assets/Tiny RPG Forest/TX Tileset Grass Flower 10.asset
  artifactKey: Guid(6ac3711d613d5fc4d894f06bf95d20ef) Importer(815301076,1909f56bfc062723c751e8b465ee728b)
Start importing Assets/Tiny RPG Forest/TX Tileset Grass Flower 10.asset using Guid(6ac3711d613d5fc4d894f06bf95d20ef) Importer(815301076,1909f56bfc062723c751e8b465ee728b)  -> (artifact id: '78a0173000fb749206a5b7c535243a28') in 0.019782 seconds 
========================================================================
Received Import Request.
  Time since last request: 0.000251 seconds.
  path: Assets/Tiny RPG Forest/TX Tileset Grass Pavement 0.asset
  artifactKey: Guid(e18e4e9073ab0ff4dbee3fa38ce87b21) Importer(815301076,1909f56bfc062723c751e8b465ee728b)
Start importing Assets/Tiny RPG Forest/TX Tileset Grass Pavement 0.asset using Guid(e18e4e9073ab0ff4dbee3fa38ce87b21) Importer(815301076,1909f56bfc062723c751e8b465ee728b)  -> (artifact id: '5e33bc5d6041f2fbf54974cdd537491d') in 0.017639 seconds 
========================================================================
Received Import Request.
  Time since last request: 0.000409 seconds.
  path: Assets/Tiny RPG Forest/TX Tileset Grass Pavement 5.asset
  artifactKey: Guid(13bd0b705d776b14e85645d6ac1206be) Importer(815301076,1909f56bfc062723c751e8b465ee728b)
Start importing Assets/Tiny RPG Forest/TX Tileset Grass Pavement 5.asset using Guid(13bd0b705d776b14e85645d6ac1206be) Importer(815301076,1909f56bfc062723c751e8b465ee728b)  -> (artifact id: '78bec0d46c4debedc85959c13bf06ebb') in 0.015701 seconds 
========================================================================
Received Import Request.
  Time since last request: 0.000122 seconds.
  path: Assets/Tiny RPG Forest/TX Tileset Grass Pavement 1.asset
  artifactKey: Guid(9ac64d6fef1405a429e2c0a6cd17a913) Importer(815301076,1909f56bfc062723c751e8b465ee728b)
Start importing Assets/Tiny RPG Forest/TX Tileset Grass Pavement 1.asset using Guid(9ac64d6fef1405a429e2c0a6cd17a913) Importer(815301076,1909f56bfc062723c751e8b465ee728b)  -> (artifact id: '0b485fa31176a2b4bc44a2e37ec9ad33') in 0.015430 seconds 
AssetImportWorkerClient::OnTransportError - code=2 error=End of file
