Using pre-set license
Built from '2020.3/release' branch; Version is '2020.3.34f1 (9a4c9c70452b) revision 10112156'; Using compiler version '192528614'; Build Type 'Release'
OS: 'Windows 11  (10.0.22000) 64bit Core' Language: 'ru' Physical Memory: 16304 MB
BatchMode: 1, IsHumanControllingUs: 0, StartBugReporterOnCrash: 0, Is64bit: 1, IsPro: 0

COMMAND LINE ARGUMENTS:
C:\Program Files\Unity\Hub\Editor\2020.3.34f1\Editor\Unity.exe
-adb2
-batchMode
-noUpm
-name
AssetImportWorker0
-projectPath
C:/Users/artur/Documents/GitHub/bebra3.2/bebra1
-logFile
Logs/AssetImportWorker0.log
-srvPort
61512
Successfully changed project path to: C:/Users/artur/Documents/GitHub/bebra3.2/bebra1
C:/Users/artur/Documents/GitHub/bebra3.2/bebra1
Using Asset Import Pipeline V2.
Refreshing native plugins compatible for Editor in 66.83 ms, found 3 plugins.
Preloading 0 native plugins for Editor in 0.00 ms.
Initialize engine version: 2020.3.34f1 (9a4c9c70452b)
[Subsystems] Discovering subsystems at path C:/Program Files/Unity/Hub/Editor/2020.3.34f1/Editor/Data/Resources/UnitySubsystems
[Subsystems] Discovering subsystems at path C:/Users/artur/Documents/GitHub/bebra3.2/bebra1/Assets
GfxDevice: creating device client; threaded=0
Direct3D:
    Version:  Direct3D 11.0 [level 11.1]
    Renderer: NVIDIA GeForce GTX 1650 (ID=0x1f91)
    Vendor:   
    VRAM:     3962 MB
    Driver:   27.21.14.5749
Initialize mono
Mono path[0] = 'C:/Program Files/Unity/Hub/Editor/2020.3.34f1/Editor/Data/Managed'
Mono path[1] = 'C:/Program Files/Unity/Hub/Editor/2020.3.34f1/Editor/Data/MonoBleedingEdge/lib/mono/unityjit'
Mono config path = 'C:/Program Files/Unity/Hub/Editor/2020.3.34f1/Editor/Data/MonoBleedingEdge/etc'
Using monoOptions --debugger-agent=transport=dt_socket,embedding=1,server=y,suspend=n,address=127.0.0.1:56968
Begin MonoManager ReloadAssembly
Registering precompiled unity dll's ...
Register platform support module: C:/Program Files/Unity/Hub/Editor/2020.3.34f1/Editor/Data/PlaybackEngines/WebGLSupport/UnityEditor.WebGL.Extensions.dll
Register platform support module: C:/Program Files/Unity/Hub/Editor/2020.3.34f1/Editor/Data/PlaybackEngines/MacStandaloneSupport/UnityEditor.OSXStandalone.Extensions.dll
Register platform support module: C:/Program Files/Unity/Hub/Editor/2020.3.34f1/Editor/Data/PlaybackEngines/WindowsStandaloneSupport/UnityEditor.WindowsStandalone.Extensions.dll
Register platform support module: C:/Program Files/Unity/Hub/Editor/2020.3.34f1/Editor/Data/PlaybackEngines/LinuxStandaloneSupport/UnityEditor.LinuxStandalone.Extensions.dll
Register platform support module: C:/Program Files/Unity/Hub/Editor/2020.3.34f1/Editor/Data/PlaybackEngines/LuminSupport/UnityEditor.Lumin.Extensions.dll
Registered in 0.003399 seconds.
Native extension for Lumin target not found
Native extension for LinuxStandalone target not found
Native extension for WindowsStandalone target not found
Native extension for OSXStandalone target not found
Native extension for WebGL target not found
Refreshing native plugins compatible for Editor in 62.52 ms, found 3 plugins.
Preloading 0 native plugins for Editor in 0.00 ms.
Mono: successfully reloaded assembly
- Completed reload, in  0.730 seconds
Domain Reload Profiling:
	ReloadAssembly (730ms)
		BeginReloadAssembly (75ms)
			ExecutionOrderSort (0ms)
			DisableScriptedObjects (0ms)
			BackupInstance (0ms)
			ReleaseScriptingObjects (0ms)
			CreateAndSetChildDomain (1ms)
		EndReloadAssembly (577ms)
			LoadAssemblies (74ms)
			RebuildTransferFunctionScriptingTraits (0ms)
			SetupTypeCache (176ms)
			ReleaseScriptCaches (0ms)
			RebuildScriptCaches (38ms)
			SetupLoadedEditorAssemblies (206ms)
				LogAssemblyErrors (0ms)
				InitializePlatformSupportModulesInManaged (8ms)
				SetLoadedEditorAssemblies (0ms)
				RefreshPlugins (63ms)
				BeforeProcessingInitializeOnLoad (9ms)
				ProcessInitializeOnLoadAttributes (94ms)
				ProcessInitializeOnLoadMethodAttributes (32ms)
				AfterProcessingInitializeOnLoad (0ms)
				EditorAssembliesLoaded (0ms)
			ExecutionOrderSort2 (0ms)
			AwakeInstancesAfterBackupRestoration (0ms)
Platform modules already initialized, skipping
Registering precompiled user dll's ...
Registered in 0.004634 seconds.
Begin MonoManager ReloadAssembly
Native extension for Lumin target not found
Native extension for LinuxStandalone target not found
Native extension for WindowsStandalone target not found
Native extension for OSXStandalone target not found
Native extension for WebGL target not found
Refreshing native plugins compatible for Editor in 90.20 ms, found 3 plugins.
Preloading 0 native plugins for Editor in 0.00 ms.
Mono: successfully reloaded assembly
- Completed reload, in  1.262 seconds
Domain Reload Profiling:
	ReloadAssembly (1262ms)
		BeginReloadAssembly (157ms)
			ExecutionOrderSort (0ms)
			DisableScriptedObjects (4ms)
			BackupInstance (0ms)
			ReleaseScriptingObjects (0ms)
			CreateAndSetChildDomain (18ms)
		EndReloadAssembly (1042ms)
			LoadAssemblies (109ms)
			RebuildTransferFunctionScriptingTraits (0ms)
			SetupTypeCache (321ms)
			ReleaseScriptCaches (1ms)
			RebuildScriptCaches (60ms)
			SetupLoadedEditorAssemblies (416ms)
				LogAssemblyErrors (0ms)
				InitializePlatformSupportModulesInManaged (8ms)
				SetLoadedEditorAssemblies (0ms)
				RefreshPlugins (90ms)
				BeforeProcessingInitializeOnLoad (75ms)
				ProcessInitializeOnLoadAttributes (212ms)
				ProcessInitializeOnLoadMethodAttributes (24ms)
				AfterProcessingInitializeOnLoad (6ms)
				EditorAssembliesLoaded (0ms)
			ExecutionOrderSort2 (0ms)
			AwakeInstancesAfterBackupRestoration (3ms)
Platform modules already initialized, skipping
========================================================================
Worker process is ready to serve import requests
Launched and connected shader compiler UnityShaderCompiler.exe after 0.15 seconds
Refreshing native plugins compatible for Editor in 0.53 ms, found 3 plugins.
Preloading 0 native plugins for Editor in 0.00 ms.
Unloading 2212 Unused Serialized files (Serialized files now loaded: 0)
System memory in use before: 97.5 MB.
System memory in use after: 97.4 MB.

Unloading 31 unused Assets to reduce memory usage. Loaded Objects now: 2643.
Total: 3.003400 ms (FindLiveObjects: 0.268900 ms CreateObjectMapping: 0.114200 ms MarkObjects: 2.499100 ms  DeleteObjects: 0.120500 ms)

AssetImportParameters requested are different than current active one (requested -> active):
  custom:framework-win-MediaFoundation: 216162199b28c13a410421893ffa2e32 -> 
  custom:video-decoder-ogg-theora: a1e56fd34408186e4bbccfd4996cb3dc -> 
  custom:container-muxer-webm: aa71ff27fc2769a1b78a27578f13a17b -> 
  custom:container-demuxer-webm: 4f35f7cbe854078d1ac9338744f61a02 -> 
  custom:container-demuxer-ogg: 62fdf1f143b41e24485cea50d1cbac27 -> 
  custom:video-encoder-webm-vp8: eb34c28f22e8b96e1ab97ce403110664 -> 
  custom:video-codec-MediaFoundation-h265: 746d11721c4dcdbdad8f713fa42b33f4 -> 
  custom:video-decoder-webm-vp8: 9c59270c3fd7afecdb556c50c9e8de78 -> 
  custom:audio-decoder-ogg-vorbis: bf7c407c2cedff20999df2af8eb42d56 -> 
  custom:audio-encoder-webm-vorbis: bf7c407c2cedff20999df2af8eb42d56 -> 
========================================================================
Received Import Request.
  path: Assets/Tiny RPG Forest/TX Tileset Grass_51.asset
  artifactKey: Guid(56484953497a5c347af9e9d2d4caa847) Importer(815301076,1909f56bfc062723c751e8b465ee728b)
Start importing Assets/Tiny RPG Forest/TX Tileset Grass_51.asset using Guid(56484953497a5c347af9e9d2d4caa847) Importer(815301076,1909f56bfc062723c751e8b465ee728b)  -> (artifact id: '35c5c89f6f544f0d3d3d4cc236ddbc3f') in 0.094042 seconds 
========================================================================
Received Import Request.
  Time since last request: 0.000262 seconds.
  path: Assets/Tiny RPG Forest/Artwork
  artifactKey: Guid(2997bd1d056ed4d788a6a187a0745a62) Importer(815301076,1909f56bfc062723c751e8b465ee728b)
Start importing Assets/Tiny RPG Forest/Artwork using Guid(2997bd1d056ed4d788a6a187a0745a62) Importer(815301076,1909f56bfc062723c751e8b465ee728b)  -> (artifact id: 'df1d7710a607e72ed475f0a4b2122b74') in 0.008512 seconds 
========================================================================
Received Import Request.
  Time since last request: 0.000239 seconds.
  path: Assets/Tiny RPG Forest/TX Tileset Grass_53.asset
  artifactKey: Guid(359f84a00e98e2840b668eae716a7f8f) Importer(815301076,1909f56bfc062723c751e8b465ee728b)
Start importing Assets/Tiny RPG Forest/TX Tileset Grass_53.asset using Guid(359f84a00e98e2840b668eae716a7f8f) Importer(815301076,1909f56bfc062723c751e8b465ee728b)  -> (artifact id: '1db3b96a6d42fbb1c052c80890bab41d') in 0.016662 seconds 
========================================================================
Received Import Request.
  Time since last request: 0.000213 seconds.
  path: Assets/Tiny RPG Forest/TX Tileset Grass_46.asset
  artifactKey: Guid(76717ee9840c119428c61af0303831eb) Importer(815301076,1909f56bfc062723c751e8b465ee728b)
Start importing Assets/Tiny RPG Forest/TX Tileset Grass_46.asset using Guid(76717ee9840c119428c61af0303831eb) Importer(815301076,1909f56bfc062723c751e8b465ee728b)  -> (artifact id: '2b72af0f2f9e0e1c49ebb20534dd7c6d') in 0.017468 seconds 
========================================================================
Received Import Request.
  Time since last request: 0.000358 seconds.
  path: Assets/Tiny RPG Forest/TX Tileset Grass_58.asset
  artifactKey: Guid(c03afa280c306134a88234bdaea23232) Importer(815301076,1909f56bfc062723c751e8b465ee728b)
Start importing Assets/Tiny RPG Forest/TX Tileset Grass_58.asset using Guid(c03afa280c306134a88234bdaea23232) Importer(815301076,1909f56bfc062723c751e8b465ee728b)  -> (artifact id: '904305ba167dfafe87dae77f03a2ec0a') in 0.014507 seconds 
========================================================================
Received Import Request.
  Time since last request: 0.000213 seconds.
  path: Assets/Tiny RPG Forest/TX Tileset Grass_52.asset
  artifactKey: Guid(96fe6572ff7073b4e950957475db8202) Importer(815301076,1909f56bfc062723c751e8b465ee728b)
Start importing Assets/Tiny RPG Forest/TX Tileset Grass_52.asset using Guid(96fe6572ff7073b4e950957475db8202) Importer(815301076,1909f56bfc062723c751e8b465ee728b)  -> (artifact id: '03ae731586a17746638e0c34de2ef5be') in 0.016947 seconds 
========================================================================
Received Import Request.
  Time since last request: 0.000443 seconds.
  path: Assets/Tiny RPG Forest/TX Tileset Grass_50.asset
  artifactKey: Guid(b4be59137106b4642b484f96c9a539f2) Importer(815301076,1909f56bfc062723c751e8b465ee728b)
Start importing Assets/Tiny RPG Forest/TX Tileset Grass_50.asset using Guid(b4be59137106b4642b484f96c9a539f2) Importer(815301076,1909f56bfc062723c751e8b465ee728b)  -> (artifact id: '9fc35277b91e0e68eef5e371a905e37c') in 0.015199 seconds 
========================================================================
Received Import Request.
  Time since last request: 0.000222 seconds.
  path: Assets/Tiny RPG Forest/TX Tileset Grass_63.asset
  artifactKey: Guid(c1535912f2520d94b9a274d52dbad8e8) Importer(815301076,1909f56bfc062723c751e8b465ee728b)
Start importing Assets/Tiny RPG Forest/TX Tileset Grass_63.asset using Guid(c1535912f2520d94b9a274d52dbad8e8) Importer(815301076,1909f56bfc062723c751e8b465ee728b)  -> (artifact id: '9dcdd98a4f1de52f10bf095fecb1e7ec') in 0.013595 seconds 
========================================================================
Received Import Request.
  Time since last request: 0.000176 seconds.
  path: Assets/Tiny RPG Forest/TX Tileset Grass_39.asset
  artifactKey: Guid(505bbbd8cff0e0f40b0a3c4b3d69dd5d) Importer(815301076,1909f56bfc062723c751e8b465ee728b)
Start importing Assets/Tiny RPG Forest/TX Tileset Grass_39.asset using Guid(505bbbd8cff0e0f40b0a3c4b3d69dd5d) Importer(815301076,1909f56bfc062723c751e8b465ee728b)  -> (artifact id: '119ba9768c96f51bf0435a75623caaa8') in 0.016841 seconds 
========================================================================
Received Import Request.
  Time since last request: 0.000132 seconds.
  path: Assets/Tiny RPG Forest/TX Tileset Grass_61.asset
  artifactKey: Guid(1c066893c979f844eba928e31d8bb144) Importer(815301076,1909f56bfc062723c751e8b465ee728b)
Start importing Assets/Tiny RPG Forest/TX Tileset Grass_61.asset using Guid(1c066893c979f844eba928e31d8bb144) Importer(815301076,1909f56bfc062723c751e8b465ee728b)  -> (artifact id: 'c01f80a061f7ec17e7b96890a9441266') in 0.015317 seconds 
========================================================================
Received Import Request.
  Time since last request: 0.000222 seconds.
  path: Assets/Tiny RPG Forest/TX Tileset Grass_42.asset
  artifactKey: Guid(3069743e95fddd54c943b91d0f0b4190) Importer(815301076,1909f56bfc062723c751e8b465ee728b)
Start importing Assets/Tiny RPG Forest/TX Tileset Grass_42.asset using Guid(3069743e95fddd54c943b91d0f0b4190) Importer(815301076,1909f56bfc062723c751e8b465ee728b)  -> (artifact id: '24b549889c71d9202fe0d049d6bec3ca') in 0.011149 seconds 
========================================================================
Received Import Request.
  Time since last request: 0.000230 seconds.
  path: Assets/Tiny RPG Forest/TX Tileset Grass Pavement 7.asset
  artifactKey: Guid(83017338d1299f645bb84fc1bfdc6c34) Importer(815301076,1909f56bfc062723c751e8b465ee728b)
Start importing Assets/Tiny RPG Forest/TX Tileset Grass Pavement 7.asset using Guid(83017338d1299f645bb84fc1bfdc6c34) Importer(815301076,1909f56bfc062723c751e8b465ee728b)  -> (artifact id: 'e496947fa142d11e5055f73ed902a190') in 0.019731 seconds 
========================================================================
Received Import Request.
  Time since last request: 0.000374 seconds.
  path: Assets/Tiny RPG Forest/TX Tileset Grass_62.asset
  artifactKey: Guid(889947f2a3144a547b182d05162dfd8c) Importer(815301076,1909f56bfc062723c751e8b465ee728b)
Start importing Assets/Tiny RPG Forest/TX Tileset Grass_62.asset using Guid(889947f2a3144a547b182d05162dfd8c) Importer(815301076,1909f56bfc062723c751e8b465ee728b)  -> (artifact id: '2e36ae7ef7d46ba6dfe22098b40d796d') in 0.019156 seconds 
========================================================================
Received Import Request.
  Time since last request: 0.000229 seconds.
  path: Assets/Tiny RPG Forest/TX Tileset Grass_54.asset
  artifactKey: Guid(e0745a7c3b2f8574d883376e98a524fe) Importer(815301076,1909f56bfc062723c751e8b465ee728b)
Start importing Assets/Tiny RPG Forest/TX Tileset Grass_54.asset using Guid(e0745a7c3b2f8574d883376e98a524fe) Importer(815301076,1909f56bfc062723c751e8b465ee728b)  -> (artifact id: '0e90341249ab7c5a446aca52b313b6e8') in 0.013474 seconds 
========================================================================
Received Import Request.
  Time since last request: 0.000310 seconds.
  path: Assets/Tiny RPG Forest/TX Tileset Grass_34.asset
  artifactKey: Guid(58ebefe99f5f05d4995eca7059d2052c) Importer(815301076,1909f56bfc062723c751e8b465ee728b)
Start importing Assets/Tiny RPG Forest/TX Tileset Grass_34.asset using Guid(58ebefe99f5f05d4995eca7059d2052c) Importer(815301076,1909f56bfc062723c751e8b465ee728b)  -> (artifact id: 'a7c9fd9ca5d088424a5adaeb2e7f71a6') in 0.011437 seconds 
========================================================================
Received Import Request.
  Time since last request: 0.000174 seconds.
  path: Assets/Tiny RPG Forest/TX Tileset Grass_47.asset
  artifactKey: Guid(3134e7f74fb5f8c4992e2c4c77b03579) Importer(815301076,1909f56bfc062723c751e8b465ee728b)
Start importing Assets/Tiny RPG Forest/TX Tileset Grass_47.asset using Guid(3134e7f74fb5f8c4992e2c4c77b03579) Importer(815301076,1909f56bfc062723c751e8b465ee728b)  -> (artifact id: '843ae36ec4ed4713e72531281a0f9ac1') in 0.019875 seconds 
========================================================================
Received Import Request.
  Time since last request: 0.000195 seconds.
  path: Assets/Tiny RPG Forest/TX Tileset Grass_59.asset
  artifactKey: Guid(48482fc5736f7f14e9603777c11d2071) Importer(815301076,1909f56bfc062723c751e8b465ee728b)
Start importing Assets/Tiny RPG Forest/TX Tileset Grass_59.asset using Guid(48482fc5736f7f14e9603777c11d2071) Importer(815301076,1909f56bfc062723c751e8b465ee728b)  -> (artifact id: '2d972e3180565370a6e9a45b42b3be56') in 0.017788 seconds 
========================================================================
Received Import Request.
  Time since last request: 0.000185 seconds.
  path: Assets/Tiny RPG Forest/TX Tileset Grass_43.asset
  artifactKey: Guid(9ee6bf0ad0b7d4142ac39e154f4286db) Importer(815301076,1909f56bfc062723c751e8b465ee728b)
Start importing Assets/Tiny RPG Forest/TX Tileset Grass_43.asset using Guid(9ee6bf0ad0b7d4142ac39e154f4286db) Importer(815301076,1909f56bfc062723c751e8b465ee728b)  -> (artifact id: 'd3037b4cfb472aae8e7dea321bf2f0dd') in 0.014154 seconds 
========================================================================
Received Import Request.
  Time since last request: 0.000225 seconds.
  path: Assets/Tiny RPG Forest/TX Tileset Grass_60.asset
  artifactKey: Guid(5553099d75578b84d9ae6afff8b69122) Importer(815301076,1909f56bfc062723c751e8b465ee728b)
Start importing Assets/Tiny RPG Forest/TX Tileset Grass_60.asset using Guid(5553099d75578b84d9ae6afff8b69122) Importer(815301076,1909f56bfc062723c751e8b465ee728b)  -> (artifact id: 'acbc5b1ea275c830bb4096961e7ebc73') in 0.016197 seconds 
========================================================================
Received Import Request.
  Time since last request: 0.000313 seconds.
  path: Assets/Tiny RPG Forest/TX Tileset Grass_55.asset
  artifactKey: Guid(a2d026c71e3d3584a830c29808fbcde5) Importer(815301076,1909f56bfc062723c751e8b465ee728b)
Start importing Assets/Tiny RPG Forest/TX Tileset Grass_55.asset using Guid(a2d026c71e3d3584a830c29808fbcde5) Importer(815301076,1909f56bfc062723c751e8b465ee728b)  -> (artifact id: 'ff52ecb3df6c3e985170ac7e81c9c08b') in 0.014916 seconds 
========================================================================
Received Import Request.
  Time since last request: 0.000323 seconds.
  path: Assets/Tiny RPG Forest/TX Tileset Grass_35.asset
  artifactKey: Guid(c06dfd7d1b9db55488c369c7e1c409fc) Importer(815301076,1909f56bfc062723c751e8b465ee728b)
Start importing Assets/Tiny RPG Forest/TX Tileset Grass_35.asset using Guid(c06dfd7d1b9db55488c369c7e1c409fc) Importer(815301076,1909f56bfc062723c751e8b465ee728b)  -> (artifact id: 'f6f70d981afa6203d3af3e19a4022fda') in 0.017452 seconds 
========================================================================
Received Import Request.
  Time since last request: 0.000188 seconds.
  path: Assets/Tiny RPG Forest/TX Tileset Grass_38.asset
  artifactKey: Guid(c180c18d59dc40141bc664cddda56abd) Importer(815301076,1909f56bfc062723c751e8b465ee728b)
Start importing Assets/Tiny RPG Forest/TX Tileset Grass_38.asset using Guid(c180c18d59dc40141bc664cddda56abd) Importer(815301076,1909f56bfc062723c751e8b465ee728b)  -> (artifact id: 'b8e51145d6e571a82c8e6eabbf97eea0') in 0.011288 seconds 
========================================================================
Received Import Request.
  Time since last request: 0.000170 seconds.
  path: Assets/Tiny RPG Forest/TX Tileset Grass_45.asset
  artifactKey: Guid(05f5bb7b48328a944a173012f462d471) Importer(815301076,1909f56bfc062723c751e8b465ee728b)
Start importing Assets/Tiny RPG Forest/TX Tileset Grass_45.asset using Guid(05f5bb7b48328a944a173012f462d471) Importer(815301076,1909f56bfc062723c751e8b465ee728b)  -> (artifact id: '8943344ae8f283bb3ef545c10276d83c') in 0.018770 seconds 
========================================================================
Received Import Request.
  Time since last request: 0.000201 seconds.
  path: Assets/Tiny RPG Forest/TX Tileset Grass_37.asset
  artifactKey: Guid(e7e8c664315295240aa51f0146acfe8a) Importer(815301076,1909f56bfc062723c751e8b465ee728b)
Start importing Assets/Tiny RPG Forest/TX Tileset Grass_37.asset using Guid(e7e8c664315295240aa51f0146acfe8a) Importer(815301076,1909f56bfc062723c751e8b465ee728b)  -> (artifact id: 'dc0b4ea91c33f937561f17b9ea1473f0') in 0.011188 seconds 
========================================================================
Received Import Request.
  Time since last request: 0.000264 seconds.
  path: Assets/Tiny RPG Forest/TX Tileset Grass_44.asset
  artifactKey: Guid(7a44bf49f3a447e4d98b1992735548ce) Importer(815301076,1909f56bfc062723c751e8b465ee728b)
Start importing Assets/Tiny RPG Forest/TX Tileset Grass_44.asset using Guid(7a44bf49f3a447e4d98b1992735548ce) Importer(815301076,1909f56bfc062723c751e8b465ee728b)  -> (artifact id: '32944feb236026273429571bf474a058') in 0.012372 seconds 
========================================================================
Received Import Request.
  Time since last request: 0.000354 seconds.
  path: Assets/Tiny RPG Forest/TX Tileset Grass_36.asset
  artifactKey: Guid(dd7d58825bd252c42ad5e57efd4c5420) Importer(815301076,1909f56bfc062723c751e8b465ee728b)
Start importing Assets/Tiny RPG Forest/TX Tileset Grass_36.asset using Guid(dd7d58825bd252c42ad5e57efd4c5420) Importer(815301076,1909f56bfc062723c751e8b465ee728b)  -> (artifact id: '7621fe6182f003caa32306ced303fec9') in 0.015522 seconds 
========================================================================
Received Prepare
Registering precompiled user dll's ...
Registered in 0.003216 seconds.
Begin MonoManager ReloadAssembly
Native extension for Lumin target not found
Native extension for LinuxStandalone target not found
Native extension for WindowsStandalone target not found
Native extension for OSXStandalone target not found
Native extension for WebGL target not found
Refreshing native plugins compatible for Editor in 0.66 ms, found 3 plugins.
Preloading 0 native plugins for Editor in 0.00 ms.
Mono: successfully reloaded assembly
- Completed reload, in  1.075 seconds
Domain Reload Profiling:
	ReloadAssembly (1075ms)
		BeginReloadAssembly (131ms)
			ExecutionOrderSort (0ms)
			DisableScriptedObjects (6ms)
			BackupInstance (0ms)
			ReleaseScriptingObjects (0ms)
			CreateAndSetChildDomain (36ms)
		EndReloadAssembly (882ms)
			LoadAssemblies (125ms)
			RebuildTransferFunctionScriptingTraits (0ms)
			SetupTypeCache (306ms)
			ReleaseScriptCaches (2ms)
			RebuildScriptCaches (54ms)
			SetupLoadedEditorAssemblies (312ms)
				LogAssemblyErrors (0ms)
				InitializePlatformSupportModulesInManaged (9ms)
				SetLoadedEditorAssemblies (1ms)
				RefreshPlugins (1ms)
				BeforeProcessingInitializeOnLoad (65ms)
				ProcessInitializeOnLoadAttributes (213ms)
				ProcessInitializeOnLoadMethodAttributes (16ms)
				AfterProcessingInitializeOnLoad (6ms)
				EditorAssembliesLoaded (0ms)
			ExecutionOrderSort2 (0ms)
			AwakeInstancesAfterBackupRestoration (4ms)
Platform modules already initialized, skipping
Refreshing native plugins compatible for Editor in 0.49 ms, found 3 plugins.
Preloading 0 native plugins for Editor in 0.00 ms.
Unloading 2205 Unused Serialized files (Serialized files now loaded: 0)
System memory in use before: 100.3 MB.
System memory in use after: 100.2 MB.

Unloading 20 unused Assets to reduce memory usage. Loaded Objects now: 2650.
Total: 3.168600 ms (FindLiveObjects: 0.155600 ms CreateObjectMapping: 0.075100 ms MarkObjects: 2.833600 ms  DeleteObjects: 0.103200 ms)

AssetImportParameters requested are different than current active one (requested -> active):
  custom:framework-win-MediaFoundation: 216162199b28c13a410421893ffa2e32 -> 
  custom:video-decoder-ogg-theora: a1e56fd34408186e4bbccfd4996cb3dc -> 
  custom:container-muxer-webm: aa71ff27fc2769a1b78a27578f13a17b -> 
  custom:container-demuxer-webm: 4f35f7cbe854078d1ac9338744f61a02 -> 
  custom:container-demuxer-ogg: 62fdf1f143b41e24485cea50d1cbac27 -> 
  custom:video-encoder-webm-vp8: eb34c28f22e8b96e1ab97ce403110664 -> 
  custom:video-codec-MediaFoundation-h265: 746d11721c4dcdbdad8f713fa42b33f4 -> 
  custom:video-decoder-webm-vp8: 9c59270c3fd7afecdb556c50c9e8de78 -> 
  custom:audio-decoder-ogg-vorbis: bf7c407c2cedff20999df2af8eb42d56 -> 
  custom:audio-encoder-webm-vorbis: bf7c407c2cedff20999df2af8eb42d56 -> 
AssetImportWorkerClient::OnTransportError - code=2 error=End of file
